Using pre-set license
Built from '2021.3/release' branch; Version is '2021.3.12f1 (8af3c3e441b1) revision 9106371'; Using compiler version '192829333'; Build Type 'Release'
OS: 'Windows 10  (10.0.19045) 64bit Core' Language: 'en' Physical Memory: 16125 MB
BatchMode: 1, IsHumanControllingUs: 0, StartBugReporterOnCrash: 0, Is64bit: 1, IsPro: 1

COMMAND LINE ARGUMENTS:
C:\Program Files\Unity\Hub\Editor\2021.3.12f1\Editor\Unity.exe
-adb2
-batchMode
-noUpm
-name
AssetImportWorker6
-projectPath
F:/Git Projects/Intro_To_IT_Project_Group_17/My project
-logFile
Logs/AssetImportWorker6.log
-srvPort
64294
Successfully changed project path to: F:/Git Projects/Intro_To_IT_Project_Group_17/My project
F:/Git Projects/Intro_To_IT_Project_Group_17/My project
[UnityMemory] Configuration Parameters - Can be set up in boot.config
    "memorysetup-bucket-allocator-granularity=16"
    "memorysetup-bucket-allocator-bucket-count=8"
    "memorysetup-bucket-allocator-block-size=33554432"
    "memorysetup-bucket-allocator-block-count=8"
    "memorysetup-main-allocator-block-size=16777216"
    "memorysetup-thread-allocator-block-size=16777216"
    "memorysetup-gfx-main-allocator-block-size=16777216"
    "memorysetup-gfx-thread-allocator-block-size=16777216"
    "memorysetup-cache-allocator-block-size=4194304"
    "memorysetup-typetree-allocator-block-size=2097152"
    "memorysetup-profiler-bucket-allocator-granularity=16"
    "memorysetup-profiler-bucket-allocator-bucket-count=8"
    "memorysetup-profiler-bucket-allocator-block-size=33554432"
    "memorysetup-profiler-bucket-allocator-block-count=8"
    "memorysetup-profiler-allocator-block-size=16777216"
    "memorysetup-profiler-editor-allocator-block-size=1048576"
    "memorysetup-temp-allocator-size-main=16777216"
    "memorysetup-job-temp-allocator-block-size=2097152"
    "memorysetup-job-temp-allocator-block-size-background=1048576"
    "memorysetup-job-temp-allocator-reduction-small-platforms=262144"
    "memorysetup-temp-allocator-size-background-worker=32768"
    "memorysetup-temp-allocator-size-job-worker=262144"
    "memorysetup-temp-allocator-size-preload-manager=33554432"
    "memorysetup-temp-allocator-size-nav-mesh-worker=65536"
    "memorysetup-temp-allocator-size-audio-worker=65536"
    "memorysetup-temp-allocator-size-cloud-worker=32768"
    "memorysetup-temp-allocator-size-gi-baking-worker=262144"
    "memorysetup-temp-allocator-size-gfx=262144"
Refreshing native plugins compatible for Editor in 439.12 ms, found 4 plugins.
Preloading 0 native plugins for Editor in 0.00 ms.
Initialize engine version: 2021.3.12f1 (8af3c3e441b1)
[Subsystems] Discovering subsystems at path C:/Program Files/Unity/Hub/Editor/2021.3.12f1/Editor/Data/Resources/UnitySubsystems
[Subsystems] Discovering subsystems at path F:/Git Projects/Intro_To_IT_Project_Group_17/My project/Assets
GfxDevice: creating device client; threaded=0; jobified=0
Direct3D:
    Version:  Direct3D 11.0 [level 11.1]
    Renderer: NVIDIA GeForce RTX 3080 (ID=0x2216)
    Vendor:   NVIDIA
    VRAM:     10078 MB
    Driver:   31.0.15.1694
Initialize mono
Mono path[0] = 'C:/Program Files/Unity/Hub/Editor/2021.3.12f1/Editor/Data/Managed'
Mono path[1] = 'C:/Program Files/Unity/Hub/Editor/2021.3.12f1/Editor/Data/MonoBleedingEdge/lib/mono/unityjit-win32'
Mono config path = 'C:/Program Files/Unity/Hub/Editor/2021.3.12f1/Editor/Data/MonoBleedingEdge/etc'
Using monoOptions --debugger-agent=transport=dt_socket,embedding=1,server=y,suspend=n,address=127.0.0.1:56300
Begin MonoManager ReloadAssembly
Registering precompiled unity dll's ...
Register platform support module: C:/Program Files/Unity/Hub/Editor/2021.3.12f1/Editor/Data/PlaybackEngines/WindowsStandaloneSupport/UnityEditor.WindowsStandalone.Extensions.dll
Registered in 0.005844 seconds.
Native extension for WindowsStandalone target not found
Refreshing native plugins compatible for Editor in 437.18 ms, found 4 plugins.
Preloading 0 native plugins for Editor in 0.00 ms.
Mono: successfully reloaded assembly
- Completed reload, in  1.056 seconds
Domain Reload Profiling:
	ReloadAssembly (1057ms)
		BeginReloadAssembly (68ms)
			ExecutionOrderSort (0ms)
			DisableScriptedObjects (0ms)
			BackupInstance (0ms)
			ReleaseScriptingObjects (0ms)
			CreateAndSetChildDomain (1ms)
		EndReloadAssembly (882ms)
			LoadAssemblies (66ms)
			RebuildTransferFunctionScriptingTraits (0ms)
			SetupTypeCache (107ms)
			ReleaseScriptCaches (0ms)
			RebuildScriptCaches (47ms)
			SetupLoadedEditorAssemblies (623ms)
				LogAssemblyErrors (0ms)
				InitializePlatformSupportModulesInManaged (17ms)
				SetLoadedEditorAssemblies (0ms)
				RefreshPlugins (437ms)
				BeforeProcessingInitializeOnLoad (1ms)
				ProcessInitializeOnLoadAttributes (122ms)
				ProcessInitializeOnLoadMethodAttributes (46ms)
				AfterProcessingInitializeOnLoad (0ms)
				EditorAssembliesLoaded (0ms)
			ExecutionOrderSort2 (0ms)
			AwakeInstancesAfterBackupRestoration (0ms)
Platform modules already initialized, skipping
Registering precompiled user dll's ...
Registered in 0.004305 seconds.
Begin MonoManager ReloadAssembly
Symbol file LoadedFromMemory doesn't match image F:\Git Projects\Intro_To_IT_Project_Group_17\My project\Library\PackageCache\com.unity.visualscripting@1.7.8\Editor\VisualScripting.Core\Dependencies\YamlDotNet\Unity.VisualScripting.YamlDotNet.dll
Symbol file LoadedFromMemory doesn't match image F:\Git Projects\Intro_To_IT_Project_Group_17\My project\Library\PackageCache\com.unity.visualscripting@1.7.8\Editor\VisualScripting.Core\Dependencies\DotNetZip\Unity.VisualScripting.IonicZip.dll
Native extension for WindowsStandalone target not found
Refreshing native plugins compatible for Editor in 197.47 ms, found 4 plugins.
Preloading 0 native plugins for Editor in 0.00 ms.
Mono: successfully reloaded assembly
- Completed reload, in  1.838 seconds
Domain Reload Profiling:
	ReloadAssembly (1839ms)
		BeginReloadAssembly (93ms)
			ExecutionOrderSort (0ms)
			DisableScriptedObjects (7ms)
			BackupInstance (0ms)
			ReleaseScriptingObjects (0ms)
			CreateAndSetChildDomain (15ms)
		EndReloadAssembly (1559ms)
			LoadAssemblies (70ms)
			RebuildTransferFunctionScriptingTraits (0ms)
			SetupTypeCache (446ms)
			ReleaseScriptCaches (1ms)
			RebuildScriptCaches (69ms)
			SetupLoadedEditorAssemblies (873ms)
				LogAssemblyErrors (0ms)
				InitializePlatformSupportModulesInManaged (4ms)
				SetLoadedEditorAssemblies (0ms)
				RefreshPlugins (198ms)
				BeforeProcessingInitializeOnLoad (121ms)
				ProcessInitializeOnLoadAttributes (446ms)
				ProcessInitializeOnLoadMethodAttributes (97ms)
				AfterProcessingInitializeOnLoad (7ms)
				EditorAssembliesLoaded (0ms)
			ExecutionOrderSort2 (0ms)
			AwakeInstancesAfterBackupRestoration (5ms)
Platform modules already initialized, skipping
========================================================================
Worker process is ready to serve import requests
Launched and connected shader compiler UnityShaderCompiler.exe after 0.03 seconds
Refreshing native plugins compatible for Editor in 1.34 ms, found 4 plugins.
Preloading 0 native plugins for Editor in 0.00 ms.
Unloading 6094 Unused Serialized files (Serialized files now loaded: 0)
Unloading 64 unused Assets / (0.9 MB). Loaded Objects now: 6553.
Memory consumption went from 252.4 MB to 251.5 MB.
Total: 2.737700 ms (FindLiveObjects: 0.271900 ms CreateObjectMapping: 0.157100 ms MarkObjects: 2.066000 ms  DeleteObjects: 0.242100 ms)

AssetImportParameters requested are different than current active one (requested -> active):
  custom:video-decoder-ogg-theora: a1e56fd34408186e4bbccfd4996cb3dc -> 
  custom:container-muxer-webm: aa71ff27fc2769a1b78a27578f13a17b -> 
  custom:container-demuxer-webm: 4f35f7cbe854078d1ac9338744f61a02 -> 
  custom:video-encoder-webm-vp8: eb34c28f22e8b96e1ab97ce403110664 -> 
  custom:audio-encoder-webm-vorbis: bf7c407c2cedff20999df2af8eb42d56 -> 
  custom:framework-win-MediaFoundation: 216162199b28c13a410421893ffa2e32 -> 
  custom:container-demuxer-ogg: 62fdf1f143b41e24485cea50d1cbac27 -> 
  custom:video-decoder-webm-vp8: 9c59270c3fd7afecdb556c50c9e8de78 -> 
  custom:audio-decoder-ogg-vorbis: bf7c407c2cedff20999df2af8eb42d56 -> 
========================================================================
Received Import Request.
  Time since last request: 82778.869956 seconds.
  path: Assets/Map/Sprites pack/Palettes/NewGround/Ground_311.asset
  artifactKey: Guid(5c0a1174945adce4d92e6e0bd124214c) Importer(815301076,1909f56bfc062723c751e8b465ee728b)
Start importing Assets/Map/Sprites pack/Palettes/NewGround/Ground_311.asset using Guid(5c0a1174945adce4d92e6e0bd124214c) Importer(815301076,1909f56bfc062723c751e8b465ee728b)  -> (artifact id: 'ac94fb2183ead791d1c862bd219e0792') in 0.121771 seconds 
========================================================================
Received Import Request.
  Time since last request: 0.000022 seconds.
  path: Assets/Map/Sprites pack/Palettes/NewGround/Ground_333.asset
  artifactKey: Guid(56407461b50f76742b585bc265004d02) Importer(815301076,1909f56bfc062723c751e8b465ee728b)
Start importing Assets/Map/Sprites pack/Palettes/NewGround/Ground_333.asset using Guid(56407461b50f76742b585bc265004d02) Importer(815301076,1909f56bfc062723c751e8b465ee728b)  -> (artifact id: '2d23f5c793396514dd6bb1f0258c0763') in 0.021991 seconds 
========================================================================
Received Import Request.
  Time since last request: 0.000054 seconds.
  path: Assets/Map/Sprites pack/Palettes/NewGround/Ground_325.asset
  artifactKey: Guid(33361dca0a5f5734d9ffbfdfe26f2153) Importer(815301076,1909f56bfc062723c751e8b465ee728b)
Start importing Assets/Map/Sprites pack/Palettes/NewGround/Ground_325.asset using Guid(33361dca0a5f5734d9ffbfdfe26f2153) Importer(815301076,1909f56bfc062723c751e8b465ee728b)  -> (artifact id: 'f250544f28449a22f3ebc3126685681d') in 0.011193 seconds 
========================================================================
Received Import Request.
  Time since last request: 0.647023 seconds.
  path: Assets/Map/Sprites pack/Palettes/NewGround/Ground_339.asset
  artifactKey: Guid(52f3a4d10b524174e9b9f829b853993e) Importer(815301076,1909f56bfc062723c751e8b465ee728b)
Start importing Assets/Map/Sprites pack/Palettes/NewGround/Ground_339.asset using Guid(52f3a4d10b524174e9b9f829b853993e) Importer(815301076,1909f56bfc062723c751e8b465ee728b)  -> (artifact id: '7eebd3505830699b3f367f58f00fb7d2') in 0.029046 seconds 
========================================================================
Received Import Request.
  Time since last request: 0.000022 seconds.
  path: Assets/Map/Sprites pack/Palettes/NewGround/Ground_349.asset
  artifactKey: Guid(e01468958a9267246ba8c6786540e4d3) Importer(815301076,1909f56bfc062723c751e8b465ee728b)
Start importing Assets/Map/Sprites pack/Palettes/NewGround/Ground_349.asset using Guid(e01468958a9267246ba8c6786540e4d3) Importer(815301076,1909f56bfc062723c751e8b465ee728b)  -> (artifact id: 'f14a08eb914cc80efc378fbdafc4ccd5') in 0.014398 seconds 
========================================================================
Received Import Request.
  Time since last request: 0.000025 seconds.
  path: Assets/Map/Sprites pack/Palettes/NewGround/Ground_361.asset
  artifactKey: Guid(0d06054516bdcf14eb82aa2f72fc360d) Importer(815301076,1909f56bfc062723c751e8b465ee728b)
Start importing Assets/Map/Sprites pack/Palettes/NewGround/Ground_361.asset using Guid(0d06054516bdcf14eb82aa2f72fc360d) Importer(815301076,1909f56bfc062723c751e8b465ee728b)  -> (artifact id: 'e89788aa32fa8fd1eb6a65aa99e8e2e9') in 0.017037 seconds 
========================================================================
Received Import Request.
  Time since last request: 0.000023 seconds.
  path: Assets/Map/Sprites pack/Palettes/NewGround/Ground_355.asset
  artifactKey: Guid(6a0f593dbdf1bc7448588445e9d2d5be) Importer(815301076,1909f56bfc062723c751e8b465ee728b)
Start importing Assets/Map/Sprites pack/Palettes/NewGround/Ground_355.asset using Guid(6a0f593dbdf1bc7448588445e9d2d5be) Importer(815301076,1909f56bfc062723c751e8b465ee728b)  -> (artifact id: 'a1b758db0b7246943a16be4adce8f84a') in 0.009915 seconds 
========================================================================
Received Import Request.
  Time since last request: 0.000023 seconds.
  path: Assets/Map/Sprites pack/Palettes/NewGround/Ground_346.asset
  artifactKey: Guid(ab5abdcf96f678d4492b6a9a16d1b3b9) Importer(815301076,1909f56bfc062723c751e8b465ee728b)
Start importing Assets/Map/Sprites pack/Palettes/NewGround/Ground_346.asset using Guid(ab5abdcf96f678d4492b6a9a16d1b3b9) Importer(815301076,1909f56bfc062723c751e8b465ee728b)  -> (artifact id: 'cae8c2a6352d46831a72873c912782e7') in 0.029580 seconds 
========================================================================
Received Import Request.
  Time since last request: 0.000031 seconds.
  path: Assets/Map/Sprites pack/Palettes/NewGround/Ground_343.asset
  artifactKey: Guid(03ac7cd816d3dae4c804714ec1b0ae55) Importer(815301076,1909f56bfc062723c751e8b465ee728b)
Start importing Assets/Map/Sprites pack/Palettes/NewGround/Ground_343.asset using Guid(03ac7cd816d3dae4c804714ec1b0ae55) Importer(815301076,1909f56bfc062723c751e8b465ee728b)  -> (artifact id: 'b170802219b4ea06296d6a1802108421') in 0.009272 seconds 
========================================================================
Received Import Request.
  Time since last request: 12.881759 seconds.
  path: Assets/Map/TempMapSprites/Mystic Woods/tilesets/plains.png
  artifactKey: Guid(c5914d3c11c27b146aa6fcfd3dd8e2ae) Importer(815301076,1909f56bfc062723c751e8b465ee728b)
Start importing Assets/Map/TempMapSprites/Mystic Woods/tilesets/plains.png using Guid(c5914d3c11c27b146aa6fcfd3dd8e2ae) Importer(815301076,1909f56bfc062723c751e8b465ee728b)  -> (artifact id: '37a543e919f3954fd904a47f99dc9fbe') in 0.260771 seconds 
========================================================================
Received Import Request.
  Time since last request: 4.190949 seconds.
  path: Assets/Map/TempMapSprites/Mystic Woods/tilesets/Tiles/decor_16x16_2.asset
  artifactKey: Guid(6a369247f545e7f42a95fb6d43a6d240) Importer(815301076,1909f56bfc062723c751e8b465ee728b)
Start importing Assets/Map/TempMapSprites/Mystic Woods/tilesets/Tiles/decor_16x16_2.asset using Guid(6a369247f545e7f42a95fb6d43a6d240) Importer(815301076,1909f56bfc062723c751e8b465ee728b)  -> (artifact id: '002ab7d5c060dd8e32c138e4af3a15c0') in 0.021014 seconds 
========================================================================
Received Import Request.
  Time since last request: 0.000022 seconds.
  path: Assets/Map/TempMapSprites/Mystic Woods/tilesets/Tiles/fences_6.asset
  artifactKey: Guid(593593fccc587c04497bc7757bbf5414) Importer(815301076,1909f56bfc062723c751e8b465ee728b)
Start importing Assets/Map/TempMapSprites/Mystic Woods/tilesets/Tiles/fences_6.asset using Guid(593593fccc587c04497bc7757bbf5414) Importer(815301076,1909f56bfc062723c751e8b465ee728b)  -> (artifact id: 'f707bb6d5928f52087c6451efb697588') in 0.018103 seconds 
========================================================================
Received Import Request.
  Time since last request: 0.000028 seconds.
  path: Assets/Map/TempMapSprites/Mystic Woods/tilesets/Tiles/fences_15.asset
  artifactKey: Guid(1598a0627a3894e4d8479ef212785001) Importer(815301076,1909f56bfc062723c751e8b465ee728b)
Start importing Assets/Map/TempMapSprites/Mystic Woods/tilesets/Tiles/fences_15.asset using Guid(1598a0627a3894e4d8479ef212785001) Importer(815301076,1909f56bfc062723c751e8b465ee728b)  -> (artifact id: '3e7a2350d770ab8d7cb3cd44446e9ed8') in 0.017914 seconds 
========================================================================
Received Import Request.
  Time since last request: 0.000036 seconds.
  path: Assets/Map/TempMapSprites/Mystic Woods/tilesets/Tiles/plains_9.asset
  artifactKey: Guid(b5c771bac0114b8419f6f676564b6fed) Importer(815301076,1909f56bfc062723c751e8b465ee728b)
Start importing Assets/Map/TempMapSprites/Mystic Woods/tilesets/Tiles/plains_9.asset using Guid(b5c771bac0114b8419f6f676564b6fed) Importer(815301076,1909f56bfc062723c751e8b465ee728b)  -> (artifact id: '1c4094e2f01b3d0dc53370a715461ef4') in 0.023030 seconds 
========================================================================
Received Import Request.
  Time since last request: 0.000022 seconds.
  path: Assets/Map/TempMapSprites/Mystic Woods/tilesets/Tiles/plains_0.asset
  artifactKey: Guid(cdb72da909768654e8df330c75ab105b) Importer(815301076,1909f56bfc062723c751e8b465ee728b)
Start importing Assets/Map/TempMapSprites/Mystic Woods/tilesets/Tiles/plains_0.asset using Guid(cdb72da909768654e8df330c75ab105b) Importer(815301076,1909f56bfc062723c751e8b465ee728b)  -> (artifact id: 'd71abdefc008bdb6b195542f6b7c1bac') in 0.021586 seconds 
========================================================================
Received Import Request.
  Time since last request: 0.000034 seconds.
  path: Assets/Map/TempMapSprites/Mystic Woods/tilesets/Tiles/plains_5.asset
  artifactKey: Guid(38ab5e6218986e44481cc37762d6321b) Importer(815301076,1909f56bfc062723c751e8b465ee728b)
Start importing Assets/Map/TempMapSprites/Mystic Woods/tilesets/Tiles/plains_5.asset using Guid(38ab5e6218986e44481cc37762d6321b) Importer(815301076,1909f56bfc062723c751e8b465ee728b)  -> (artifact id: 'd68d4102bc878a0710beba3855f4ded5') in 0.008872 seconds 
========================================================================
Received Import Request.
  Time since last request: 0.000021 seconds.
  path: Assets/Map/TempMapSprites/Mystic Woods/tilesets/Tiles/plains_14.asset
  artifactKey: Guid(fffd03cfe0aad774393cd774ff5e810a) Importer(815301076,1909f56bfc062723c751e8b465ee728b)
Start importing Assets/Map/TempMapSprites/Mystic Woods/tilesets/Tiles/plains_14.asset using Guid(fffd03cfe0aad774393cd774ff5e810a) Importer(815301076,1909f56bfc062723c751e8b465ee728b)  -> (artifact id: '5bb6441792610aebdd6a37cd12f00796') in 0.021881 seconds 
========================================================================
Received Import Request.
  Time since last request: 0.000027 seconds.
  path: Assets/Map/TempMapSprites/Mystic Woods/tilesets/Tiles/decor_16x16_13.asset
  artifactKey: Guid(03adbe9e11f3ff74c9572229bdfeb75a) Importer(815301076,1909f56bfc062723c751e8b465ee728b)
Start importing Assets/Map/TempMapSprites/Mystic Woods/tilesets/Tiles/decor_16x16_13.asset using Guid(03adbe9e11f3ff74c9572229bdfeb75a) Importer(815301076,1909f56bfc062723c751e8b465ee728b)  -> (artifact id: 'a5c1f848d41a9cfd504d0bbabe86a351') in 0.026718 seconds 
========================================================================
Received Import Request.
  Time since last request: 0.000023 seconds.
  path: Assets/Map/TempMapSprites/Mystic Woods/tilesets/Tiles/fences_8.asset
  artifactKey: Guid(f7c56a2d370d995409e1a512a16c22b5) Importer(815301076,1909f56bfc062723c751e8b465ee728b)
Start importing Assets/Map/TempMapSprites/Mystic Woods/tilesets/Tiles/fences_8.asset using Guid(f7c56a2d370d995409e1a512a16c22b5) Importer(815301076,1909f56bfc062723c751e8b465ee728b)  -> (artifact id: 'c9a2f3f0fe26f6f589b35bf5521a5529') in 0.018225 seconds 
========================================================================
Received Import Request.
  Time since last request: 0.000024 seconds.
  path: Assets/Map/TempMapSprites/Mystic Woods/tilesets/Tiles/plains_16.asset
  artifactKey: Guid(589fecd5086163d4d9d387bed82beb6d) Importer(815301076,1909f56bfc062723c751e8b465ee728b)
Start importing Assets/Map/TempMapSprites/Mystic Woods/tilesets/Tiles/plains_16.asset using Guid(589fecd5086163d4d9d387bed82beb6d) Importer(815301076,1909f56bfc062723c751e8b465ee728b)  -> (artifact id: '2baecb48103c469af1721a9aaa1bfd87') in 0.024146 seconds 
========================================================================
Received Import Request.
  Time since last request: 0.610309 seconds.
  path: Assets/Map/TempMapSprites/Mystic Woods/tilesets/Tiles/plains_22.asset
  artifactKey: Guid(d8a6cbf3c69c7b54188eb1088822e62d) Importer(815301076,1909f56bfc062723c751e8b465ee728b)
Start importing Assets/Map/TempMapSprites/Mystic Woods/tilesets/Tiles/plains_22.asset using Guid(d8a6cbf3c69c7b54188eb1088822e62d) Importer(815301076,1909f56bfc062723c751e8b465ee728b)  -> (artifact id: 'a59261e27dc114cdaeec3e610b4d15a6') in 0.023875 seconds 
========================================================================
Received Import Request.
  Time since last request: 0.000020 seconds.
  path: Assets/Map/TempMapSprites/Mystic Woods/tilesets/Tiles/plains_31.asset
  artifactKey: Guid(ede42ccc9f6ead340bc4ad704b59f16a) Importer(815301076,1909f56bfc062723c751e8b465ee728b)
Start importing Assets/Map/TempMapSprites/Mystic Woods/tilesets/Tiles/plains_31.asset using Guid(ede42ccc9f6ead340bc4ad704b59f16a) Importer(815301076,1909f56bfc062723c751e8b465ee728b)  -> (artifact id: 'c5717ee51e333d163f45796c7a143e49') in 0.020322 seconds 
========================================================================
Received Import Request.
  Time since last request: 0.000025 seconds.
  path: Assets/Map/TempMapSprites/Mystic Woods/tilesets/Tiles/plains_30.asset
  artifactKey: Guid(d41e16e97f836fc4ebe8d0c5dc6091b4) Importer(815301076,1909f56bfc062723c751e8b465ee728b)
Start importing Assets/Map/TempMapSprites/Mystic Woods/tilesets/Tiles/plains_30.asset using Guid(d41e16e97f836fc4ebe8d0c5dc6091b4) Importer(815301076,1909f56bfc062723c751e8b465ee728b)  -> (artifact id: '43dcfdb7ac97a7027a651e9f68642e43') in 0.008209 seconds 
========================================================================
Received Import Request.
  Time since last request: 0.000021 seconds.
  path: Assets/Map/TempMapSprites/Mystic Woods/tilesets/Tiles/plains_32.asset
  artifactKey: Guid(ac01ab472a3b78543bb762bbdda818a7) Importer(815301076,1909f56bfc062723c751e8b465ee728b)
Start importing Assets/Map/TempMapSprites/Mystic Woods/tilesets/Tiles/plains_32.asset using Guid(ac01ab472a3b78543bb762bbdda818a7) Importer(815301076,1909f56bfc062723c751e8b465ee728b)  -> (artifact id: '99b1dab57c6637ffbecdd86bb896368f') in 0.007089 seconds 
========================================================================
Received Import Request.
  Time since last request: 0.027914 seconds.
  path: Assets/Map/TempMapSprites/Mystic Woods/tilesets/Tiles/plains_36.asset
  artifactKey: Guid(756aee86c9a94a440aae2cffb739b638) Importer(815301076,1909f56bfc062723c751e8b465ee728b)
Start importing Assets/Map/TempMapSprites/Mystic Woods/tilesets/Tiles/plains_36.asset using Guid(756aee86c9a94a440aae2cffb739b638) Importer(815301076,1909f56bfc062723c751e8b465ee728b)  -> (artifact id: 'e61b181e61ac2212358f5777b9b90024') in 0.009180 seconds 
========================================================================
Received Import Request.
  Time since last request: 0.000021 seconds.
  path: Assets/Map/TempMapSprites/Mystic Woods/tilesets/Tiles/plains_42.asset
  artifactKey: Guid(c257294ae0b33b548bc9d5bac54f6187) Importer(815301076,1909f56bfc062723c751e8b465ee728b)
Start importing Assets/Map/TempMapSprites/Mystic Woods/tilesets/Tiles/plains_42.asset using Guid(c257294ae0b33b548bc9d5bac54f6187) Importer(815301076,1909f56bfc062723c751e8b465ee728b)  -> (artifact id: '64fd425582aeaf2b92a27dc85e72180d') in 0.021250 seconds 
========================================================================
Received Import Request.
  Time since last request: 0.000023 seconds.
  path: Assets/Map/TempMapSprites/Mystic Woods/tilesets/Tiles/plains_40.asset
  artifactKey: Guid(c547e1d23adb4c347b93820fb70f6e8f) Importer(815301076,1909f56bfc062723c751e8b465ee728b)
Start importing Assets/Map/TempMapSprites/Mystic Woods/tilesets/Tiles/plains_40.asset using Guid(c547e1d23adb4c347b93820fb70f6e8f) Importer(815301076,1909f56bfc062723c751e8b465ee728b)  -> (artifact id: 'a1419ffe507098ae4a37c210a0237448') in 0.009596 seconds 
========================================================================
Received Import Request.
  Time since last request: 0.312762 seconds.
  path: Assets/Map/TempMapSprites/Mystic Woods/tilesets/Tiles/plains_50.asset
  artifactKey: Guid(b900f6e01925ff8469cc9c296d011cf0) Importer(815301076,1909f56bfc062723c751e8b465ee728b)
Start importing Assets/Map/TempMapSprites/Mystic Woods/tilesets/Tiles/plains_50.asset using Guid(b900f6e01925ff8469cc9c296d011cf0) Importer(815301076,1909f56bfc062723c751e8b465ee728b)  -> (artifact id: 'a3c1f0095c98699f9c8e2922376ee885') in 0.033652 seconds 
========================================================================
Received Import Request.
  Time since last request: 0.000022 seconds.
  path: Assets/Map/TempMapSprites/Mystic Woods/tilesets/Tiles/plains_59.asset
  artifactKey: Guid(2b6b32b58e6da42459014f08abb800f5) Importer(815301076,1909f56bfc062723c751e8b465ee728b)
Start importing Assets/Map/TempMapSprites/Mystic Woods/tilesets/Tiles/plains_59.asset using Guid(2b6b32b58e6da42459014f08abb800f5) Importer(815301076,1909f56bfc062723c751e8b465ee728b)  -> (artifact id: 'b9dcfdf82fc5ee40d546b5f283a1392f') in 0.015838 seconds 
========================================================================
Received Import Request.
  Time since last request: 0.000034 seconds.
  path: Assets/Map/TempMapSprites/Mystic Woods/tilesets/Tiles/plains_53.asset
  artifactKey: Guid(b5c6487df657b2d45ba9bc0822a4f4de) Importer(815301076,1909f56bfc062723c751e8b465ee728b)
Start importing Assets/Map/TempMapSprites/Mystic Woods/tilesets/Tiles/plains_53.asset using Guid(b5c6487df657b2d45ba9bc0822a4f4de) Importer(815301076,1909f56bfc062723c751e8b465ee728b)  -> (artifact id: '20c6bf8e1a59f87e529daac61850e2ae') in 0.007976 seconds 
========================================================================
Received Import Request.
  Time since last request: 0.363024 seconds.
  path: Assets/Map/TempMapSprites/Mystic Woods/tilesets/Tiles/plains_64.asset
  artifactKey: Guid(94f7c8d978756b547bbe1d11a6ccee2e) Importer(815301076,1909f56bfc062723c751e8b465ee728b)
Start importing Assets/Map/TempMapSprites/Mystic Woods/tilesets/Tiles/plains_64.asset using Guid(94f7c8d978756b547bbe1d11a6ccee2e) Importer(815301076,1909f56bfc062723c751e8b465ee728b)  -> (artifact id: '9483b76a567521c7bbdfa72c251952f5') in 0.037937 seconds 
Editor requested this worker to shutdown with reason: Scaling down because of idle timeout
AssetImportWorker is now disconnected from the server
Process exiting
Exiting without the bug reporter. Application will terminate with return code 0